build/app/intermediates/manifest_merge_blame_file/debug/manifest-merger-blame-debug-report.txt
1<?xml version="1.0" encoding="utf-8"?>
2<manifest xmlns:android="http://schemas.android.com/apk/res/android"
3    package="com.radical.radicalmotor"
4    android:versionCode="1"
5    android:versionName="1.0.0" >
6
7    <uses-sdk
8        android:minSdkVersion="21"
9        android:targetSdkVersion="34" />
10    <!--
11         Flutter needs it to communicate with the running application
12         to allow setting breakpoints, to provide hot reload, etc.
13    -->
14    <uses-permission android:name="android.permission.INTERNET" />
14-->src\main\AndroidManifest.xml:4:5-66
14-->src\main\AndroidManifest.xml:4:22-64
15    <uses-permission android:name="android.permission.ACCESS_NETWORK_STATE" />
15-->[com.google.firebase:firebase-config:21.6.2] AndroidManifest.xml:22:5-79
15-->[com.google.firebase:firebase-config:21.6.2] AndroidManifest.xml:22:22-76
16
17    <permission
17-->[androidx.core:core:1.10.1] AndroidManifest.xml:22:5-24:47
18        android:name="com.radical.radicalmotor.DYNAMIC_RECEIVER_NOT_EXPORTED_PERMISSION"
18-->[androidx.core:core:1.10.1] AndroidManifest.xml:23:9-81
19        android:protectionLevel="signature" />
19-->[androidx.core:core:1.10.1] AndroidManifest.xml:24:9-44
20
21    <uses-permission android:name="com.radical.radicalmotor.DYNAMIC_RECEIVER_NOT_EXPORTED_PERMISSION" />
21-->[androidx.core:core:1.10.1] AndroidManifest.xml:26:5-97
21-->[androidx.core:core:1.10.1] AndroidManifest.xml:26:22-94
22
23    <application
23-->src\main\AndroidManifest.xml:7:5-61:19
24        android:appComponentFactory="androidx.core.app.CoreComponentFactory"
24-->[androidx.core:core:1.10.1] AndroidManifest.xml:28:18-86
25        android:debuggable="true"
26        android:icon="@mipmap/ic_launcher"
26-->src\main\AndroidManifest.xml:10:9-43
27        android:label="RadicalMotor"
27-->src\main\AndroidManifest.xml:8:9-37
28        android:requestLegacyExternalStorage="true" >
28-->src\main\AndroidManifest.xml:11:9-52
29        <activity
29-->src\main\AndroidManifest.xml:13:9-51:20
30            android:name="com.radical.radicalmotor.MainActivity"
30-->src\main\AndroidManifest.xml:14:13-41
31            android:configChanges="orientation|keyboardHidden|keyboard|screenSize|smallestScreenSize|locale|layoutDirection|fontScale|screenLayout|density|uiMode"
31-->src\main\AndroidManifest.xml:18:13-163
32            android:exported="true"
32-->src\main\AndroidManifest.xml:15:13-36
33            android:hardwareAccelerated="true"
33-->src\main\AndroidManifest.xml:19:13-47
34            android:launchMode="singleTop"
34-->src\main\AndroidManifest.xml:16:13-43
35            android:theme="@style/LaunchTheme"
35-->src\main\AndroidManifest.xml:17:13-47
36            android:windowSoftInputMode="adjustResize" >
36-->src\main\AndroidManifest.xml:20:13-55
37
38            <!--
39                 Specifies an Android theme to apply to this Activity as soon as
40                 the Android process has started. This theme is visible to the user
41                 while the Flutter UI initializes. After that, this theme continues
42                 to determine the Window background behind the Flutter UI.
43            -->
44            <meta-data
44-->src\main\AndroidManifest.xml:25:13-28:17
45                android:name="io.flutter.embedding.android.NormalTheme"
45-->src\main\AndroidManifest.xml:26:15-70
46                android:resource="@style/NormalTheme" />
46-->src\main\AndroidManifest.xml:27:15-52
47            <!--
48                 Displays an Android View that continues showing the launch screen
49                 Drawable until Flutter paints its first frame, then this splash
50                 screen fades out. A splash screen is useful to avoid any visual
51                 gap between the end of Android's launch screen and the painting of
52                 Flutter's first frame.
53            -->
54            <meta-data
54-->src\main\AndroidManifest.xml:34:13-37:17
55                android:name="io.flutter.embedding.android.SplashScreenDrawable"
55-->src\main\AndroidManifest.xml:35:15-79
56                android:resource="@drawable/launch_background" />
56-->src\main\AndroidManifest.xml:36:15-61
57
58            <intent-filter>
58-->src\main\AndroidManifest.xml:38:13-41:29
59                <action android:name="android.intent.action.MAIN" />
59-->src\main\AndroidManifest.xml:39:17-68
59-->src\main\AndroidManifest.xml:39:25-66
60
61                <category android:name="android.intent.category.LAUNCHER" />
61-->src\main\AndroidManifest.xml:40:17-76
61-->src\main\AndroidManifest.xml:40:27-74
62            </intent-filter>
63            <!-- Deep linking -->
64            <meta-data
64-->src\main\AndroidManifest.xml:43:13-90
65                android:name="flutter_deeplinking_enabled"
65-->src\main\AndroidManifest.xml:43:24-66
66                android:value="true" />
66-->src\main\AndroidManifest.xml:43:67-87
67
68            <intent-filter android:autoVerify="true" >
68-->src\main\AndroidManifest.xml:44:13-49:29
68-->src\main\AndroidManifest.xml:44:28-53
69                <action android:name="android.intent.action.VIEW" />
69-->src\main\AndroidManifest.xml:45:17-69
69-->src\main\AndroidManifest.xml:45:25-66
70
71                <category android:name="android.intent.category.DEFAULT" />
71-->src\main\AndroidManifest.xml:46:17-76
71-->src\main\AndroidManifest.xml:46:27-73
72                <category android:name="android.intent.category.BROWSABLE" />
72-->src\main\AndroidManifest.xml:47:17-78
72-->src\main\AndroidManifest.xml:47:27-75
73
74                <data
74-->src\main\AndroidManifest.xml:48:17-87
75                    android:host="radicalmotor.com"
75-->src\main\AndroidManifest.xml:48:53-84
76                    android:scheme="radicalmotor" />
76-->src\main\AndroidManifest.xml:48:23-52
77            </intent-filter>
78        </activity>
79
80        <!--
81             Don't delete the meta-data below.
82             This is used by the Flutter tool to generate GeneratedPluginRegistrant.java
83        -->
84        <meta-data
84-->src\main\AndroidManifest.xml:55:9-57:33
85            android:name="flutterEmbedding"
85-->src\main\AndroidManifest.xml:56:13-44
86            android:value="2" />
86-->src\main\AndroidManifest.xml:57:13-30
87
88        <service
88-->[:firebase_performance] AndroidManifest.xml:12:9-16:19
89            android:name="com.google.firebase.components.ComponentDiscoveryService"
89-->[:firebase_performance] AndroidManifest.xml:12:18-89
90            android:directBootAware="true"
90-->[com.google.firebase:firebase-common:20.4.2] AndroidManifest.xml:32:13-43
91            android:exported="false" >
91-->[com.google.firebase:firebase-perf:20.5.2] AndroidManifest.xml:13:13-37
92            <meta-data
92-->[:firebase_performance] AndroidManifest.xml:13:13-15:85
93                android:name="com.google.firebase.components:io.flutter.plugins.firebase.performance.FlutterFirebaseAppRegistrar"
93-->[:firebase_performance] AndroidManifest.xml:14:17-130
94                android:value="com.google.firebase.components.ComponentRegistrar" />
94-->[:firebase_performance] AndroidManifest.xml:15:17-82
95            <meta-data
95-->[:firebase_core] AndroidManifest.xml:11:13-13:85
96                android:name="com.google.firebase.components:io.flutter.plugins.firebase.core.FlutterFirebaseCoreRegistrar"
96-->[:firebase_core] AndroidManifest.xml:12:17-124
97                android:value="com.google.firebase.components.ComponentRegistrar" />
97-->[:firebase_core] AndroidManifest.xml:13:17-82
98            <meta-data
98-->[com.google.firebase:firebase-perf:20.5.2] AndroidManifest.xml:14:13-16:85
99                android:name="com.google.firebase.components:com.google.firebase.perf.FirebasePerfKtxRegistrar"
99-->[com.google.firebase:firebase-perf:20.5.2] AndroidManifest.xml:15:17-112
100                android:value="com.google.firebase.components.ComponentRegistrar" />
100-->[com.google.firebase:firebase-perf:20.5.2] AndroidManifest.xml:16:17-82
101            <meta-data
101-->[com.google.firebase:firebase-perf:20.5.2] AndroidManifest.xml:17:13-19:85
102                android:name="com.google.firebase.components:com.google.firebase.perf.FirebasePerfRegistrar"
102-->[com.google.firebase:firebase-perf:20.5.2] AndroidManifest.xml:18:17-109
103                android:value="com.google.firebase.components.ComponentRegistrar" />
103-->[com.google.firebase:firebase-perf:20.5.2] AndroidManifest.xml:19:17-82
104            <meta-data
104-->[com.google.firebase:firebase-sessions:1.2.2] AndroidManifest.xml:29:13-31:85
105                android:name="com.google.firebase.components:com.google.firebase.sessions.FirebaseSessionsRegistrar"
105-->[com.google.firebase:firebase-sessions:1.2.2] AndroidManifest.xml:30:17-117
106                android:value="com.google.firebase.components.ComponentRegistrar" />
106-->[com.google.firebase:firebase-sessions:1.2.2] AndroidManifest.xml:31:17-82
107            <meta-data
107-->[com.google.firebase:firebase-config:21.6.2] AndroidManifest.xml:29:13-31:85
108                android:name="com.google.firebase.components:com.google.firebase.remoteconfig.FirebaseRemoteConfigKtxRegistrar"
108-->[com.google.firebase:firebase-config:21.6.2] AndroidManifest.xml:30:17-128
109                android:value="com.google.firebase.components.ComponentRegistrar" />
109-->[com.google.firebase:firebase-config:21.6.2] AndroidManifest.xml:31:17-82
110            <meta-data
110-->[com.google.firebase:firebase-config:21.6.2] AndroidManifest.xml:32:13-34:85
111                android:name="com.google.firebase.components:com.google.firebase.remoteconfig.RemoteConfigRegistrar"
111-->[com.google.firebase:firebase-config:21.6.2] AndroidManifest.xml:33:17-117
112                android:value="com.google.firebase.components.ComponentRegistrar" />
112-->[com.google.firebase:firebase-config:21.6.2] AndroidManifest.xml:34:17-82
113            <meta-data
113-->[com.google.firebase:firebase-installations:17.2.0] AndroidManifest.xml:15:13-17:85
114                android:name="com.google.firebase.components:com.google.firebase.installations.FirebaseInstallationsKtxRegistrar"
114-->[com.google.firebase:firebase-installations:17.2.0] AndroidManifest.xml:16:17-130
115                android:value="com.google.firebase.components.ComponentRegistrar" />
115-->[com.google.firebase:firebase-installations:17.2.0] AndroidManifest.xml:17:17-82
116            <meta-data
116-->[com.google.firebase:firebase-installations:17.2.0] AndroidManifest.xml:18:13-20:85
117                android:name="com.google.firebase.components:com.google.firebase.installations.FirebaseInstallationsRegistrar"
117-->[com.google.firebase:firebase-installations:17.2.0] AndroidManifest.xml:19:17-127
118                android:value="com.google.firebase.components.ComponentRegistrar" />
118-->[com.google.firebase:firebase-installations:17.2.0] AndroidManifest.xml:20:17-82
119            <meta-data
119-->[com.google.firebase:firebase-common-ktx:20.4.2] AndroidManifest.xml:12:13-14:85
120                android:name="com.google.firebase.components:com.google.firebase.ktx.FirebaseCommonLegacyRegistrar"
120-->[com.google.firebase:firebase-common-ktx:20.4.2] AndroidManifest.xml:13:17-116
121                android:value="com.google.firebase.components.ComponentRegistrar" />
121-->[com.google.firebase:firebase-common-ktx:20.4.2] AndroidManifest.xml:14:17-82
122            <meta-data
122-->[com.google.firebase:firebase-common:20.4.2] AndroidManifest.xml:35:13-37:85
123                android:name="com.google.firebase.components:com.google.firebase.FirebaseCommonKtxRegistrar"
123-->[com.google.firebase:firebase-common:20.4.2] AndroidManifest.xml:36:17-109
124                android:value="com.google.firebase.components.ComponentRegistrar" />
124-->[com.google.firebase:firebase-common:20.4.2] AndroidManifest.xml:37:17-82
125            <meta-data
125-->[com.google.firebase:firebase-datatransport:18.1.8] AndroidManifest.xml:27:13-29:85
126                android:name="com.google.firebase.components:com.google.firebase.datatransport.TransportRegistrar"
126-->[com.google.firebase:firebase-datatransport:18.1.8] AndroidManifest.xml:28:17-115
127                android:value="com.google.firebase.components.ComponentRegistrar" />
127-->[com.google.firebase:firebase-datatransport:18.1.8] AndroidManifest.xml:29:17-82
128            <meta-data
128-->[com.google.firebase:firebase-abt:21.1.1] AndroidManifest.xml:12:13-14:85
129                android:name="com.google.firebase.components:com.google.firebase.abt.component.AbtRegistrar"
129-->[com.google.firebase:firebase-abt:21.1.1] AndroidManifest.xml:13:17-109
130                android:value="com.google.firebase.components.ComponentRegistrar" />
130-->[com.google.firebase:firebase-abt:21.1.1] AndroidManifest.xml:14:17-82
131        </service>
132
133        <activity
133-->[:url_launcher_android] AndroidManifest.xml:10:9-13:74
134            android:name="io.flutter.plugins.urllauncher.WebViewActivity"
134-->[:url_launcher_android] AndroidManifest.xml:11:13-74
135            android:exported="false"
135-->[:url_launcher_android] AndroidManifest.xml:12:13-37
136            android:theme="@android:style/Theme.NoTitleBar.Fullscreen" />
136-->[:url_launcher_android] AndroidManifest.xml:13:13-71
137
138        <service
138-->[com.google.firebase:firebase-sessions:1.2.2] AndroidManifest.xml:22:9-25:40
139            android:name="com.google.firebase.sessions.SessionLifecycleService"
139-->[com.google.firebase:firebase-sessions:1.2.2] AndroidManifest.xml:23:13-80
140            android:enabled="true"
140-->[com.google.firebase:firebase-sessions:1.2.2] AndroidManifest.xml:24:13-35
141            android:exported="false" />
141-->[com.google.firebase:firebase-sessions:1.2.2] AndroidManifest.xml:25:13-37
142
143        <provider
143-->[com.google.firebase:firebase-common:20.4.2] AndroidManifest.xml:23:9-28:39
144            android:name="com.google.firebase.provider.FirebaseInitProvider"
144-->[com.google.firebase:firebase-common:20.4.2] AndroidManifest.xml:24:13-77
145            android:authorities="com.radical.radicalmotor.firebaseinitprovider"
145-->[com.google.firebase:firebase-common:20.4.2] AndroidManifest.xml:25:13-72
146            android:directBootAware="true"
146-->[com.google.firebase:firebase-common:20.4.2] AndroidManifest.xml:26:13-43
147            android:exported="false"
147-->[com.google.firebase:firebase-common:20.4.2] AndroidManifest.xml:27:13-37
148            android:initOrder="100" />
148-->[com.google.firebase:firebase-common:20.4.2] AndroidManifest.xml:28:13-36
149
150        <uses-library
150-->[androidx.window:window:1.0.0-beta04] AndroidManifest.xml:25:9-27:40
151            android:name="androidx.window.extensions"
151-->[androidx.window:window:1.0.0-beta04] AndroidManifest.xml:26:13-54
152            android:required="false" />
152-->[androidx.window:window:1.0.0-beta04] AndroidManifest.xml:27:13-37
153        <uses-library
153-->[androidx.window:window:1.0.0-beta04] AndroidManifest.xml:28:9-30:40
154            android:name="androidx.window.sidecar"
154-->[androidx.window:window:1.0.0-beta04] AndroidManifest.xml:29:13-51
155            android:required="false" />
155-->[androidx.window:window:1.0.0-beta04] AndroidManifest.xml:30:13-37
156
157        <service
157-->[com.google.android.datatransport:transport-backend-cct:3.1.9] AndroidManifest.xml:28:9-34:19
158            android:name="com.google.android.datatransport.runtime.backends.TransportBackendDiscovery"
158-->[com.google.android.datatransport:transport-backend-cct:3.1.9] AndroidManifest.xml:29:13-103
159            android:exported="false" >
159-->[com.google.android.datatransport:transport-backend-cct:3.1.9] AndroidManifest.xml:30:13-37
160            <meta-data
160-->[com.google.android.datatransport:transport-backend-cct:3.1.9] AndroidManifest.xml:31:13-33:39
161                android:name="backend:com.google.android.datatransport.cct.CctBackendFactory"
161-->[com.google.android.datatransport:transport-backend-cct:3.1.9] AndroidManifest.xml:32:17-94
162                android:value="cct" />
162-->[com.google.android.datatransport:transport-backend-cct:3.1.9] AndroidManifest.xml:33:17-36
163        </service>
164
165        <meta-data
165-->[com.google.android.gms:play-services-basement:18.1.0] AndroidManifest.xml:21:9-23:69
166            android:name="com.google.android.gms.version"
166-->[com.google.android.gms:play-services-basement:18.1.0] AndroidManifest.xml:22:13-58
167            android:value="@integer/google_play_services_version" />
167-->[com.google.android.gms:play-services-basement:18.1.0] AndroidManifest.xml:23:13-66
168
169        <provider
169-->[androidx.lifecycle:lifecycle-process:2.3.1] AndroidManifest.xml:25:9-29:43
170            android:name="androidx.lifecycle.ProcessLifecycleOwnerInitializer"
170-->[androidx.lifecycle:lifecycle-process:2.3.1] AndroidManifest.xml:26:13-79
171            android:authorities="com.radical.radicalmotor.lifecycle-process"
171-->[androidx.lifecycle:lifecycle-process:2.3.1] AndroidManifest.xml:27:13-69
172            android:exported="false"
172-->[androidx.lifecycle:lifecycle-process:2.3.1] AndroidManifest.xml:28:13-37
173            android:multiprocess="true" />
173-->[androidx.lifecycle:lifecycle-process:2.3.1] AndroidManifest.xml:29:13-40
174
175        <service
175-->[com.google.android.datatransport:transport-runtime:3.1.9] AndroidManifest.xml:26:9-30:19
176            android:name="com.google.android.datatransport.runtime.scheduling.jobscheduling.JobInfoSchedulerService"
176-->[com.google.android.datatransport:transport-runtime:3.1.9] AndroidManifest.xml:27:13-117
177            android:exported="false"
177-->[com.google.android.datatransport:transport-runtime:3.1.9] AndroidManifest.xml:28:13-37
178            android:permission="android.permission.BIND_JOB_SERVICE" >
178-->[com.google.android.datatransport:transport-runtime:3.1.9] AndroidManifest.xml:29:13-69
179        </service>
180
181        <receiver
181-->[com.google.android.datatransport:transport-runtime:3.1.9] AndroidManifest.xml:32:9-34:40
182            android:name="com.google.android.datatransport.runtime.scheduling.jobscheduling.AlarmManagerSchedulerBroadcastReceiver"
182-->[com.google.android.datatransport:transport-runtime:3.1.9] AndroidManifest.xml:33:13-132
183            android:exported="false" />
183-->[com.google.android.datatransport:transport-runtime:3.1.9] AndroidManifest.xml:34:13-37
184    </application>
185
186</manifest>